<?xml version="1.0" encoding="UTF-8"?>
<!-- Generated by org.testng.reporters.JUnitXMLReporter -->
<testsuite hostname="LAPTOP-8EOH72CO" ignored="0" name="Web Tests" tests="3" failures="0" timestamp="19 Jun 2021 07:34:43 GMT" time="6.883" errors="0">
  <testcase name="testLoginAPIWithInvalidCredentials" time="2.881" classname="com.jakartalabs.may2021.tests.APITests"/>
  <testcase name="testLoginAPI" time="2.473" classname="com.jakartalabs.may2021.tests.APITests"/>
  <testcase name="testDashboardAPI" time="1.504" classname="com.jakartalabs.may2021.tests.APITests"/>
</testsuite> <!-- Web Tests -->
